<?xml version="1.0" encoding="UTF-8"?>
<!-- Generated by org.testng.reporters.JUnitReportReporter -->
<testsuite hostname="LAPTOP-D2AHC7JJ" failures="0" tests="1" name="com.qg.apitest.LoginTest" time="0.632" errors="0" timestamp="31 10æœˆ 2018 02:28:11 GMT" skipped="0">
  <testcase classname="com.qg.apitest.LoginTest" name="logintest" time="0.632"/>
</testsuite> <!-- com.qg.apitest.LoginTest -->
