<?xml version="1.0" encoding="UTF-8"?>
<!-- Generated by org.testng.reporters.JUnitReportReporter -->
<testsuite hostname="LAPTOP-D2AHC7JJ" failures="0" tests="1" name="com.qg.apitest.SubmitTest" time="0.663" errors="0" timestamp="19 11æœˆ 2018 08:40:40 GMT" skipped="0">
  <testcase classname="com.qg.apitest.SubmitTest" name="submit" time="0.663"/>
</testsuite> <!-- com.qg.apitest.SubmitTest -->
